0 info it worked if it ends with ok
1 verbose cli [ 'node', '/usr/local/bin/npm', 'publish', './' ]
2 info using npm@1.4.28
3 info using node@v0.10.33
4 verbose publish [ './' ]
5 verbose cache add [ './', null ]
6 verbose cache add name=undefined spec="./" args=["./",null]
7 verbose parsed url { protocol: null,
7 verbose parsed url   slashes: null,
7 verbose parsed url   auth: null,
7 verbose parsed url   host: null,
7 verbose parsed url   port: null,
7 verbose parsed url   hostname: null,
7 verbose parsed url   hash: null,
7 verbose parsed url   search: null,
7 verbose parsed url   query: null,
7 verbose parsed url   pathname: './',
7 verbose parsed url   path: './',
7 verbose parsed url   href: './' }
8 silly lockFile 0ee6c175- ./
9 verbose lock ./ /Users/Bruno/.npm/0ee6c175-.lock
10 verbose tar pack [ '/Users/Bruno/.npm/sidenotes.js/1.0.0/package.tgz', './' ]
11 verbose tarball /Users/Bruno/.npm/sidenotes.js/1.0.0/package.tgz
12 verbose folder ./
13 info prepublish sidenotes.js@1.0.0
14 silly lockFile 04cb2bca-tar tar://./
15 verbose lock tar://./ /Users/Bruno/.npm/04cb2bca-tar.lock
16 silly lockFile 99b6f210-m-sidenotes-js-1-0-0-package-tgz tar:///Users/Bruno/.npm/sidenotes.js/1.0.0/package.tgz
17 verbose lock tar:///Users/Bruno/.npm/sidenotes.js/1.0.0/package.tgz /Users/Bruno/.npm/99b6f210-m-sidenotes-js-1-0-0-package-tgz.lock
18 silly lockFile 04cb2bca-tar tar://./
19 silly lockFile 04cb2bca-tar tar://./
20 silly lockFile 99b6f210-m-sidenotes-js-1-0-0-package-tgz tar:///Users/Bruno/.npm/sidenotes.js/1.0.0/package.tgz
21 silly lockFile 99b6f210-m-sidenotes-js-1-0-0-package-tgz tar:///Users/Bruno/.npm/sidenotes.js/1.0.0/package.tgz
22 silly lockFile b85a5292-o-npm-sidenotes-js-1-0-0-package /Users/Bruno/.npm/sidenotes.js/1.0.0/package
23 verbose lock /Users/Bruno/.npm/sidenotes.js/1.0.0/package /Users/Bruno/.npm/b85a5292-o-npm-sidenotes-js-1-0-0-package.lock
24 silly lockFile b85a5292-o-npm-sidenotes-js-1-0-0-package /Users/Bruno/.npm/sidenotes.js/1.0.0/package
25 silly lockFile b85a5292-o-npm-sidenotes-js-1-0-0-package /Users/Bruno/.npm/sidenotes.js/1.0.0/package
26 silly lockFile 0ee6c175- ./
27 silly lockFile 0ee6c175- ./
28 silly publish { name: 'sidenotes.js',
28 silly publish   version: '1.0.0',
28 silly publish   description: 'Add sidenote capabilities to your page.',
28 silly publish   main: 'dist/sidenotes.js',
28 silly publish   repository:
28 silly publish    { type: 'git',
28 silly publish      url: 'https://github.com/bcorreia/sidenotes.js.git' },
28 silly publish   author:
28 silly publish    { name: 'Bruno Correia',
28 silly publish      email: 'mail@bcorreia.com',
28 silly publish      url: 'http://bcorreia.com' },
28 silly publish   license: 'MIT',
28 silly publish   devDependencies:
28 silly publish    { grunt: '^0.4.5',
28 silly publish      'grunt-banner': '^0.4.0',
28 silly publish      'grunt-contrib-copy': '^0.8.0',
28 silly publish      'grunt-contrib-uglify': '^0.9.1' },
28 silly publish   readme: '# sidenotes.js\n![Bower version](https://img.shields.io/bower/v/sidenotes.js.svg?style=flat)\n[![npm version](https://img.shields.io/npm/v/sidenotes.js.svg?style=flat)](https://www.npmjs.com/package/sidenotes.js)\n[![Build Status](https://travis-ci.org/bcorreia/sidenotes.js.svg?branch=master)](https://travis-ci.org/bcorreia/sidenotes.js)\n\nAdd sidenote capabilities to your page.<br />\n[**Demo**](http://bcorreia.com/projects/sidenotes.js/src/demo.html)\n\n---\n## Getting Started\nYou may install sidenotes.js using package managers, or download project [archive](https://github.com/bcorreia/sidenotes.js/archive/master.zip).<br />\nInstalling via `bower` will bring in the dependencies as well.\n```bash\nbower install sidenotes.js\nnpm install sidenotes.js\n\n# sidenotes.min.js           minified version of sidenotes.js\n```\n\n## Usage\n```javascript\nvar page = document.querySelector(\'.page\'),\n    note = new Sidenotes(page, {\n        translate: \'400px\',\n        transition: \'.5s\'\n    });\n```\n\n| Options | Description | Default | Type\n:--- | :--- | ---: | ---:\n| `translate` | A value for translateX(…) function | `400px` | `string`\n| `transition` | A value for transition-duration | `.5s` | `string`\n\n### Callbacks\n```javascript\nonBefore: function(event, element) {}   // called before animation starts\n                                        // event: open, close (string)\n                                        // element: `.sidepanel` (dom node)\n\nonAfter: function(event, element) {}    // called after animation ends\n                                        // event: open, close (string)\n                                        // element: `.sidepanel` (dom node)\n```\n\n### HTML data-attribute\nAdd `data-sidenote` attribute to elements within your document.\n```html\n<!-- example -->\n<a href="#" data-sidenote="A feeling of surprise … ">Wonder</a>\n```\n\n### CSS\nAdd browser prefixes accordingly.\nUpdate `translateX` value as desired.\n```css\n/* required */\n.sidenote-open body     { transform: translateX(-400px); transition: transform .5s; overflow-y: hidden; }\n.sidenote-close body    { transform: translateX(0); transition: transform .5s; }\n.sidenote               { transform: translateX(400px); }\n\n/* recommended */\n.sidenote               { display: flex; align-items: center; justify-content:center; }\n.sidenote               { position: fixed; right: 0; height: 100vh; width: 400px; border-left:1px solid #333; }\n```\n---\n\n## License\nThis software is free to use under the [MIT license](https://github.com/bcorreia/sidenotes.js/blob/master/license.md).\n',
28 silly publish   readmeFilename: 'README.md',
28 silly publish   gitHead: 'b64b4aef4e841b32aee540c9084ce80ea21ee3a6',
28 silly publish   bugs: { url: 'https://github.com/bcorreia/sidenotes.js/issues' },
28 silly publish   homepage: 'https://github.com/bcorreia/sidenotes.js',
28 silly publish   _id: 'sidenotes.js@1.0.0',
28 silly publish   scripts: {},
28 silly publish   _shasum: '30003924653b0a266c9f7c5659c50415e5393c17',
28 silly publish   _from: './' }
29 verbose request where is /sidenotes.js
30 verbose request registry https://registry.npmjs.org/
31 verbose request id 1f23474cf0ab9993
32 verbose url raw /sidenotes.js
33 verbose url resolving [ 'https://registry.npmjs.org/', './sidenotes.js' ]
34 verbose url resolved https://registry.npmjs.org/sidenotes.js
35 verbose request where is https://registry.npmjs.org/sidenotes.js
36 info trying registry request attempt 1 at 00:56:39
37 http PUT https://registry.npmjs.org/sidenotes.js
38 http 403 https://registry.npmjs.org/sidenotes.js
39 verbose headers { 'content-type': 'application/json',
39 verbose headers   'cache-control': 'max-age=60',
39 verbose headers   'content-length': '95',
39 verbose headers   'accept-ranges': 'bytes',
39 verbose headers   date: 'Sat, 20 Jun 2015 07:56:41 GMT',
39 verbose headers   via: '1.1 varnish',
39 verbose headers   connection: 'keep-alive',
39 verbose headers   'x-served-by': 'cache-sjc3131-SJC',
39 verbose headers   'x-cache': 'MISS',
39 verbose headers   'x-cache-hits': '0',
39 verbose headers   'x-timer': 'S1434787000.053738,VS0,VE1456' }
40 error publish Failed PUT 403
41 error Error: "You cannot publish over the previously published version 1.0.0." : sidenotes.js
41 error     at RegClient.<anonymous> (/usr/local/lib/node_modules/npm/node_modules/npm-registry-client/lib/request.js:308:14)
41 error     at Request._callback (/usr/local/lib/node_modules/npm/node_modules/npm-registry-client/lib/request.js:246:65)
41 error     at Request.self.callback (/usr/local/lib/node_modules/npm/node_modules/request/request.js:236:22)
41 error     at Request.emit (events.js:98:17)
41 error     at Request.<anonymous> (/usr/local/lib/node_modules/npm/node_modules/request/request.js:1142:14)
41 error     at Request.emit (events.js:117:20)
41 error     at IncomingMessage.<anonymous> (/usr/local/lib/node_modules/npm/node_modules/request/request.js:1096:12)
41 error     at IncomingMessage.emit (events.js:117:20)
41 error     at _stream_readable.js:943:16
41 error     at process._tickCallback (node.js:419:13)
42 error If you need help, you may report this *entire* log,
42 error including the npm and node versions, at:
42 error     <http://github.com/npm/npm/issues>
43 error System Darwin 14.3.0
44 error command "node" "/usr/local/bin/npm" "publish" "./"
45 error cwd /Users/Bruno/Dropbox/Projects/sidenotes.js
46 error node -v v0.10.33
47 error npm -v 1.4.28
48 verbose exit [ 1, true ]
